<?xml version="1.0" encoding="UTF-8"?>
<!-- Generated by org.testng.reporters.JUnitXMLReporter -->
<testsuite hostname="DESKTOP-H984LVP" ignored="0" name="Testgc" tests="1" failures="1" timestamp="09 Aug 2018 07:50:02 GMT" time="0.207" errors="0">
  <testcase name="test" time="0.128" classname="qsp.paralleltestng">
    <failure type="java.lang.IllegalStateException" message="The driver executable does not exist: C:\Users\user\eclipse-workspace\project\.\driver\chromedriver">
      <![CDATA[java.lang.IllegalStateException: The driver executable does not exist: C:\Users\user\eclipse-workspace\project\.\driver\chromedriverat com.google.common.base.Preconditions.checkState(Preconditions.java:534)at org.openqa.selenium.remote.service.DriverService.checkExecutable(DriverService.java:136)at org.openqa.selenium.remote.service.DriverService.findExecutable(DriverService.java:131)at org.openqa.selenium.chrome.ChromeDriverService.access$000(ChromeDriverService.java:32)at org.openqa.selenium.chrome.ChromeDriverService$Builder.findDefaultExecutable(ChromeDriverService.java:137)at org.openqa.selenium.remote.service.DriverService$Builder.build(DriverService.java:329)at org.openqa.selenium.chrome.ChromeDriverService.createDefaultService(ChromeDriverService.java:88)at org.openqa.selenium.chrome.ChromeDriver.<init>(ChromeDriver.java:123)at qsp.paralleltestng.test(paralleltestng.java:25)... Removed 25 stack frames]]>
    </failure>
  </testcase> <!-- test -->
</testsuite> <!-- Testgc -->
